<?xml version="1.0" encoding="UTF-8"?>
<!-- Generated by org.testng.reporters.JUnitReportReporter -->
<testsuite hostname="DESKTOP-BGIR2M1" failures="0" tests="2" name="practice.testng.SampleTest" time="0.034" errors="0" timestamp="2024-08-23T16:05:16 IST" skipped="0">
  <testcase classname="practice.testng.SampleTest" name="createContactWithMobileNumberTest" time="0.014"/>
  <system-out/>
  <testcase classname="practice.testng.SampleTest" name="createContactTest" time="0.020"/>
  <system-out/>
</testsuite> <!-- practice.testng.SampleTest -->
