<?xml version="1.0" encoding="UTF-8"?>
<!-- Generated by org.testng.reporters.JUnitReportReporter -->
<testsuite hostname="DESKTOP-BGIR2M1" failures="0" tests="1" name="com.comcast.crm.contacttest.CreateContactWithSupportDateTest" time="25.706" errors="0" timestamp="2024-08-14T16:09:15 IST" skipped="0">
  <testcase classname="com.comcast.crm.contacttest.CreateContactWithSupportDateTest" name="CreateContactWithSupportDateTest" time="25.706"/>
  <system-out/>
</testsuite> <!-- com.comcast.crm.contacttest.CreateContactWithSupportDateTest -->
