<?xml version="1.0" encoding="UTF-8"?>
<!-- Generated by org.testng.reporters.JUnitReportReporter -->
<testsuite hostname="DESKTOP-BGIR2M1" failures="0" tests="1" name="com.comcast.crm.basetest.BaseClassCopy" time="9.347" errors="0" timestamp="2024-08-27T17:34:58 IST" skipped="0">
  <testcase classname="com.comcast.crm.basetest.BaseClassCopy" name="test" time="9.347"/>
  <system-out/>
</testsuite> <!-- com.comcast.crm.basetest.BaseClassCopy -->
