<?xml version="1.0" encoding="UTF-8"?>
<!-- Generated by org.testng.reporters.JUnitReportReporter -->
<testsuite hostname="DESKTOP-BGIR2M1" failures="0" tests="1" name="Vtiger_ContactTest_TestCases.createContactWithOrgTest" time="39.989" errors="0" timestamp="2024-08-13T16:03:52 IST" skipped="0">
  <testcase classname="Vtiger_ContactTest_TestCases.createContactWithOrgTest" name="createContactWithOrgTest" time="39.989"/>
  <system-out/>
</testsuite> <!-- Vtiger_ContactTest_TestCases.createContactWithOrgTest -->
