<?xml version="1.0" encoding="UTF-8"?>
<!-- Generated by org.testng.reporters.JUnitReportReporter -->
<testsuite hostname="DESKTOP-BGIR2M1" failures="0" tests="1" name="com.comcast.crm.contacttest.CreateContactTestWithTestNG" time="38.978" errors="0" timestamp="2024-08-30T19:19:59 IST" skipped="0">
  <testcase classname="com.comcast.crm.contacttest.CreateContactTestWithTestNG" name="createContactWithOrgTest" time="38.978"/>
  <system-out>
    <![CDATA[create contact with Org testScript executed]]>
  </system-out>
</testsuite> <!-- com.comcast.crm.contacttest.CreateContactTestWithTestNG -->
