<?xml version="1.0" encoding="UTF-8"?>
<!-- Generated by org.testng.reporters.JUnitReportReporter -->
<testsuite hostname="DESKTOP-BGIR2M1" failures="0" tests="1" name="sample.UnitTestCheckProjectInBackend" time="9.221" errors="0" timestamp="2024-08-10T10:07:34 IST" skipped="0">
  <testcase classname="sample.UnitTestCheckProjectInBackend" name="projectCheckTest" time="9.221"/>
  <system-out/>
</testsuite> <!-- sample.UnitTestCheckProjectInBackend -->
