<?xml version="1.0" encoding="UTF-8"?>
<!-- Generated by org.testng.reporters.JUnitReportReporter -->
<testsuite hostname="DESKTOP-BGIR2M1" failures="0" tests="1" name="sample.ReadDataFromTestNGXmlTest" time="89.226" errors="0" timestamp="2024-08-08T11:37:22 IST" skipped="0">
  <testcase classname="sample.ReadDataFromTestNGXmlTest" name="createOrgTest" time="89.226"/>
  <system-out/>
</testsuite> <!-- sample.ReadDataFromTestNGXmlTest -->
