<?xml version="1.0" encoding="UTF-8"?>
<!-- Generated by org.testng.reporters.JUnitReportReporter -->
<testsuite hostname="DESKTOP-BGIR2M1" failures="0" tests="1" name="Vtiger_ContactTest_TestCases.CreateContactTest" time="25.269" errors="0" timestamp="2024-08-10T18:54:11 IST" skipped="0">
  <testcase classname="Vtiger_ContactTest_TestCases.CreateContactTest" name="createContTest" time="25.269"/>
  <system-out/>
</testsuite> <!-- Vtiger_ContactTest_TestCases.CreateContactTest -->
