<?xml version="1.0" encoding="UTF-8"?>
<!-- Generated by org.testng.reporters.JUnitReportReporter -->
<testsuite hostname="DESKTOP-BGIR2M1" failures="0" tests="1" name="sample.ReadDataFromJsonTest" time="38.594" errors="0" timestamp="2024-08-08T12:38:36 IST" skipped="0">
  <testcase classname="sample.ReadDataFromJsonTest" name="createOrgTest" time="38.594"/>
  <system-out/>
</testsuite> <!-- sample.ReadDataFromJsonTest -->
