<?xml version="1.0" encoding="UTF-8"?>
<!-- Generated by org.testng.reporters.JUnitReportReporter -->
<testsuite hostname="DESKTOP-BGIR2M1" failures="0" tests="1" name="Vtiger_TestCases.CreateOrganizationWithPhoneNumberTest" time="30.946" errors="0" timestamp="2024-08-10T18:29:25 IST" skipped="0">
  <testcase classname="Vtiger_TestCases.CreateOrganizationWithPhoneNumberTest" name="createOrgWithPhoneNum" time="30.946"/>
  <system-out/>
</testsuite> <!-- Vtiger_TestCases.CreateOrganizationWithPhoneNumberTest -->
