<?xml version="1.0" encoding="UTF-8"?>
<!-- Generated by org.testng.reporters.JUnitReportReporter -->
<testsuite hostname="DESKTOP-BGIR2M1" failures="0" tests="1" name="Vtiger_TestCases.CreateOrganizationWithIndustriesTest" time="30.119" errors="0" timestamp="2024-08-10T18:08:53 IST" skipped="0">
  <testcase classname="Vtiger_TestCases.CreateOrganizationWithIndustriesTest" name="createOrgWithTndustry" time="30.119"/>
  <system-out/>
</testsuite> <!-- Vtiger_TestCases.CreateOrganizationWithIndustriesTest -->
