<?xml version="1.0" encoding="UTF-8"?>
<!-- Generated by org.testng.reporters.JUnitReportReporter -->
<testsuite hostname="DESKTOP-BGIR2M1" failures="0" tests="1" name="practice.testng.SampleReportWithAttachScreenshotTest" time="8.327" errors="0" timestamp="2024-08-28T18:04:29 IST" skipped="0">
  <testcase classname="practice.testng.SampleReportWithAttachScreenshotTest" name="createContactTest" time="8.327"/>
  <system-out/>
</testsuite> <!-- practice.testng.SampleReportWithAttachScreenshotTest -->
