<?xml version="1.0" encoding="UTF-8"?>
<!-- Generated by org.testng.reporters.JUnitReportReporter -->
<testsuite hostname="DESKTOP-BGIR2M1" failures="0" tests="1" name="ReadRunTimeMavenParameterTest" time="0.023" errors="0" timestamp="2024-08-07T12:34:56 IST" skipped="0">
  <testcase classname="ReadRunTimeMavenParameterTest" name="test" time="0.023"/>
  <system-out/>
</testsuite> <!-- ReadRunTimeMavenParameterTest -->
