<?xml version="1.0" encoding="UTF-8"?>
<!-- Generated by org.testng.reporters.JUnitReportReporter -->
<testsuite hostname="DESKTOP-BGIR2M1" failures="0" tests="1" name="practice.testng.InvoiceTestWithRetryAnalyser" time="8.688" errors="0" timestamp="2024-08-27T20:36:55 IST" skipped="0">
  <testcase classname="practice.testng.InvoiceTestWithRetryAnalyser" name="activateSim" time="8.688"/>
  <system-out/>
</testsuite> <!-- practice.testng.InvoiceTestWithRetryAnalyser -->
