<?xml version="1.0" encoding="UTF-8"?>
<!-- Generated by org.testng.reporters.JUnitReportReporter -->
<testsuite hostname="DESKTOP-BGIR2M1" failures="0" tests="1" name="Contact.CreateOrganizationTest" time="25.244" errors="0" timestamp="2024-08-10T17:00:30 IST" skipped="0">
  <testcase classname="Contact.CreateOrganizationTest" name="createOrgTest" time="25.244"/>
  <system-out/>
</testsuite> <!-- Contact.CreateOrganizationTest -->
