<?xml version="1.0" encoding="UTF-8"?>
<!-- Generated by org.testng.reporters.JUnitReportReporter -->
<testsuite hostname="DESKTOP-BGIR2M1" failures="0" tests="1" name="com.comcast.crm.contacttest.copy.createContactWithOrgTest" time="43.141" errors="0" timestamp="2024-08-24T17:41:12 IST" skipped="0">
  <testcase classname="com.comcast.crm.contacttest.copy.createContactWithOrgTest" name="createContactWithOrgTest" time="43.141"/>
  <system-out/>
</testsuite> <!-- com.comcast.crm.contacttest.copy.createContactWithOrgTest -->
