<?xml version="1.0" encoding="UTF-8"?>
<!-- Generated by org.testng.reporters.JUnitReportReporter -->
<testsuite hostname="DESKTOP-BGIR2M1" failures="0" tests="1" name="com.comcast.crm.orgtest.CreateOrganizationTestWithTestNG" time="20.431" errors="0" timestamp="2024-08-30T19:21:23 IST" skipped="0">
  <testcase classname="com.comcast.crm.orgtest.CreateOrganizationTestWithTestNG" name="createOrgWithPhoneNum" time="20.431"/>
  <system-out>
    <![CDATA[create Org with phoneNumber testScript executed]]>
  </system-out>
</testsuite> <!-- com.comcast.crm.orgtest.CreateOrganizationTestWithTestNG -->
