<?xml version="1.0" encoding="UTF-8"?>
<!-- Generated by org.testng.reporters.JUnitReportReporter -->
<testsuite hostname="DESKTOP-BGIR2M1" failures="0" tests="1" name="practice.testng.GetProductInfoWithDataProviderTest" time="0.000" errors="0" timestamp="2024-08-30T19:52:03 IST" skipped="1">
  <testcase classname="practice.testng.GetProductInfoWithDataProviderTest" name="getProductInfoTest" time="0.000">
    <skipped/>
  </testcase> <!-- getProductInfoTest -->
  <system-out/>
</testsuite> <!-- practice.testng.GetProductInfoWithDataProviderTest -->
