<?xml version="1.0" encoding="UTF-8"?>
<!-- Generated by org.testng.reporters.JUnitReportReporter -->
<testsuite hostname="DESKTOP-BGIR2M1" failures="0" tests="1" name="com.comcast.crm.contacttest.createContactWithOrgTest" time="39.513" errors="0" timestamp="2024-08-26T12:27:46 IST" skipped="0">
  <testcase classname="com.comcast.crm.contacttest.createContactWithOrgTest" name="createContactWithOrgTest" time="39.513"/>
  <system-out/>
</testsuite> <!-- com.comcast.crm.contacttest.createContactWithOrgTest -->
