<?xml version="1.0" encoding="UTF-8"?>
<!-- Generated by org.testng.reporters.JUnitReportReporter -->
<testsuite hostname="DESKTOP-BGIR2M1" failures="0" tests="1" name="practice.testng.SampleTestForScreenShot" time="12.448" errors="0" timestamp="2024-08-27T17:10:13 IST" skipped="0">
  <testcase classname="practice.testng.SampleTestForScreenShot" name="sampleScreenshot" time="12.448"/>
  <system-out/>
</testsuite> <!-- practice.testng.SampleTestForScreenShot -->
