<?xml version="1.0" encoding="UTF-8"?>
<!-- Generated by org.testng.reporters.JUnitReportReporter -->
<testsuite hostname="DESKTOP-BGIR2M1" failures="0" tests="1" name="com.comcast.crm.contacttest.trail" time="36.412" errors="0" timestamp="2024-08-27T17:42:43 IST" skipped="0">
  <testcase classname="com.comcast.crm.contacttest.trail" name="createContactWithOrgTest" time="36.412"/>
  <system-out>
    <![CDATA[create contact with Org testScript executed]]>
  </system-out>
</testsuite> <!-- com.comcast.crm.contacttest.trail -->
