<?xml version="1.0" encoding="UTF-8"?>
<!-- Generated by org.testng.reporters.JUnitReportReporter -->
<testsuite hostname="DESKTOP-BGIR2M1" failures="0" tests="2" name="practice.testng.VerifyWithAssertStatement" time="24.489" errors="0" timestamp="2024-08-27T11:57:45 IST" skipped="0">
  <testcase classname="practice.testng.VerifyWithAssertStatement" name="homePageTest" time="13.080"/>
  <system-out/>
  <testcase classname="practice.testng.VerifyWithAssertStatement" name="verifyLogoHomePageTest" time="11.409"/>
  <system-out/>
</testsuite> <!-- practice.testng.VerifyWithAssertStatement -->
