<?xml version="1.0" encoding="UTF-8"?>
<!-- Generated by org.testng.reporters.JUnitReportReporter -->
<testsuite hostname="DESKTOP-BGIR2M1" failures="0" tests="1" name="Vtiger_ContactTest_TestCases.CreateContactWithSupportDateTest" time="26.177" errors="0" timestamp="2024-08-10T19:40:41 IST" skipped="0">
  <testcase classname="Vtiger_ContactTest_TestCases.CreateContactWithSupportDateTest" name="createContTest" time="26.177"/>
  <system-out/>
</testsuite> <!-- Vtiger_ContactTest_TestCases.CreateContactWithSupportDateTest -->
