<?xml version="1.0" encoding="UTF-8"?>
<!-- Generated by org.testng.reporters.JUnitReportReporter -->
<testsuite hostname="DESKTOP-BGIR2M1" failures="0" tests="3" name="practice.testng.SampleReportTest" time="0.661" errors="0" timestamp="2024-08-28T17:06:50 IST" skipped="0">
  <testcase classname="practice.testng.SampleReportTest" name="createContactWithOrgTest" time="0.053"/>
  <system-out/>
  <testcase classname="practice.testng.SampleReportTest" name="createContactWithPhoneNumberTest" time="0.031"/>
  <system-out/>
  <testcase classname="practice.testng.SampleReportTest" name="createContactTest" time="0.577"/>
  <system-out/>
</testsuite> <!-- practice.testng.SampleReportTest -->
